[2020-11-16 16:54:36,510] INFO: Running in mode: production
[2020-11-16 16:54:36,732] INFO: Connecting to MongoDB: mongodb://mongo:27017/girder
[2020-11-16 17:06:13,814] INFO: Running in mode: production
[2020-11-16 17:06:14,032] INFO: Connecting to MongoDB: mongodb://mongo:27017/girder
[2020-11-16 17:06:14,641] INFO: Loaded plugin "upenn_contrast"
[2020-11-16 17:06:14,689] INFO: Loaded plugin "jobs"
[2020-11-16 17:06:14,689] INFO: Loaded plugin "worker"
[2020-11-16 17:06:14,990] INFO: Created LRU Cache for 'tilesource' with 165 maximum size
[2020-11-16 17:06:18,148] INFO: Loaded plugin "large_image"
[2020-11-16 17:06:18,233] INFO: Loaded plugin "large_image_annotation"
[16/Nov/2020:17:06:18] ENGINE Listening for SIGTERM.
[16/Nov/2020:17:06:18] ENGINE Listening for SIGHUP.
[16/Nov/2020:17:06:18] ENGINE Listening for SIGUSR1.
[16/Nov/2020:17:06:18] ENGINE Bus STARTING
[2020-11-16 17:06:18,237] INFO: Started asynchronous event manager thread.
[16/Nov/2020:17:06:18] ENGINE Serving on http://0.0.0.0:8080
[16/Nov/2020:17:06:18] ENGINE Bus STARTED
[16/Nov/2020:17:12:16] ENGINE Caught signal SIGTERM.
[16/Nov/2020:17:12:16] ENGINE Bus STOPPING
[16/Nov/2020:17:12:18] ENGINE HTTP Server cherrypy._cpwsgi_server.CPWSGIServer(('0.0.0.0', 8080)) shut down
[2020-11-16 17:12:18,401] INFO: Stopped asynchronous event manager thread.
[16/Nov/2020:17:12:18] ENGINE Bus STOPPED
[16/Nov/2020:17:12:18] ENGINE Bus EXITING
[16/Nov/2020:17:12:18] ENGINE Bus EXITED
[16/Nov/2020:17:12:18] ENGINE Waiting for child threads to terminate...
[2020-11-16 17:13:02,738] INFO: Running in mode: development
[2020-11-16 17:13:02,928] INFO: Connecting to MongoDB: mongodb://mongo:27017/girder
[2020-11-16 17:13:03,345] INFO: Loaded plugin "jobs"
[2020-11-16 17:13:03,345] INFO: Loaded plugin "worker"
[2020-11-16 17:13:03,629] INFO: Created LRU Cache for 'tilesource' with 165 maximum size
[2020-11-16 17:13:06,649] INFO: Loaded plugin "large_image"
[2020-11-16 17:13:06,653] INFO: Loaded plugin "large_image_annotation"
[2020-11-16 17:13:06,653] INFO: Loaded plugin "upenn_contrast"
[16/Nov/2020:17:13:06] ENGINE Listening for SIGTERM.
[16/Nov/2020:17:13:06] ENGINE Listening for SIGHUP.
[16/Nov/2020:17:13:06] ENGINE Listening for SIGUSR1.
[16/Nov/2020:17:13:06] ENGINE Bus STARTING
[2020-11-16 17:13:06,655] INFO: Started asynchronous event manager thread.
[16/Nov/2020:17:13:06] ENGINE Started monitor thread 'Autoreloader'.
[16/Nov/2020:17:13:06] ENGINE Serving on http://0.0.0.0:8080
[16/Nov/2020:17:13:06] ENGINE Bus STARTED
[16/Nov/2020:17:21:47] ENGINE Caught signal SIGTERM.
[16/Nov/2020:17:21:47] ENGINE Bus STOPPING
[16/Nov/2020:17:21:47] ENGINE HTTP Server cherrypy._cpwsgi_server.CPWSGIServer(('0.0.0.0', 8080)) shut down
[2020-11-16 17:21:47,935] INFO: Stopped asynchronous event manager thread.
[16/Nov/2020:17:21:47] ENGINE Stopped thread 'Autoreloader'.
[16/Nov/2020:17:21:47] ENGINE Bus STOPPED
[16/Nov/2020:17:21:47] ENGINE Bus EXITING
[16/Nov/2020:17:21:47] ENGINE Bus EXITED
[16/Nov/2020:17:21:47] ENGINE Waiting for child threads to terminate...
[2020-11-16 17:29:25,325] INFO: Running in mode: production
[2020-11-16 17:29:25,507] INFO: Connecting to MongoDB: mongodb://mongo:27017/girder
[2020-11-16 17:29:25,858] INFO: Loaded plugin "upenn_contrast"
[2020-11-16 17:29:25,860] INFO: Loaded plugin "jobs"
[2020-11-16 17:29:25,860] INFO: Loaded plugin "worker"
[2020-11-16 17:29:26,141] INFO: Created LRU Cache for 'tilesource' with 165 maximum size
[2020-11-16 17:29:28,997] INFO: Loaded plugin "large_image"
[2020-11-16 17:29:29,002] INFO: Loaded plugin "large_image_annotation"
[16/Nov/2020:17:29:29] ENGINE Listening for SIGTERM.
[16/Nov/2020:17:29:29] ENGINE Listening for SIGHUP.
[16/Nov/2020:17:29:29] ENGINE Listening for SIGUSR1.
[16/Nov/2020:17:29:29] ENGINE Bus STARTING
[2020-11-16 17:29:29,004] INFO: Started asynchronous event manager thread.
[16/Nov/2020:17:29:29] ENGINE Serving on http://0.0.0.0:8080
[16/Nov/2020:17:29:29] ENGINE Bus STARTED
